ERROR - 2022-11-15 00:08:00 --> Table 'terserah.barang_keluar' doesn't exist
CRITICAL - 2022-11-15 00:08:00 --> Call to a member function getResult() on bool
#0 C:\xampp\htdocs\naruto\app\Controllers\Home.php(68): App\Models\M_pj->tampil('barang_keluar')
#1 C:\xampp\htdocs\naruto\system\CodeIgniter.php(832): App\Controllers\Home->t_jual()
#2 C:\xampp\htdocs\naruto\system\CodeIgniter.php(419): CodeIgniter\CodeIgniter->runController(Object(App\Controllers\Home))
#3 C:\xampp\htdocs\naruto\system\CodeIgniter.php(326): CodeIgniter\CodeIgniter->handleRequest(NULL, Object(Config\Cache), false)
#4 C:\xampp\htdocs\naruto\public\index.php(37): CodeIgniter\CodeIgniter->run()
#5 C:\xampp\htdocs\naruto\system\Commands\Server\rewrite.php(43): require_once('C:\\xampp\\htdocs...')
#6 {main}
CRITICAL - 2022-11-15 00:22:33 --> syntax error, unexpected double-quoted string "'", expecting ")"
#0 C:\xampp\htdocs\naruto\system\Autoloader\Autoloader.php(241): CodeIgniter\Autoloader\Autoloader->includeFile('C:\\xampp\\htdocs...')
#1 C:\xampp\htdocs\naruto\system\Autoloader\Autoloader.php(219): CodeIgniter\Autoloader\Autoloader->loadInNamespace('App\\Models\\M_pj')
#2 C:\xampp\htdocs\naruto\app\Controllers\Home.php(21): CodeIgniter\Autoloader\Autoloader->loadClass('App\\Models\\M_pj')
#3 C:\xampp\htdocs\naruto\system\CodeIgniter.php(832): App\Controllers\Home->l_brg()
#4 C:\xampp\htdocs\naruto\system\CodeIgniter.php(419): CodeIgniter\CodeIgniter->runController(Object(App\Controllers\Home))
#5 C:\xampp\htdocs\naruto\system\CodeIgniter.php(326): CodeIgniter\CodeIgniter->handleRequest(NULL, Object(Config\Cache), false)
#6 C:\xampp\htdocs\naruto\public\index.php(37): CodeIgniter\CodeIgniter->run()
#7 C:\xampp\htdocs\naruto\system\Commands\Server\rewrite.php(43): require_once('C:\\xampp\\htdocs...')
#8 {main}
CRITICAL - 2022-11-15 00:30:36 --> syntax error, unexpected token ".", expecting ")"
#0 C:\xampp\htdocs\naruto\system\Autoloader\Autoloader.php(241): CodeIgniter\Autoloader\Autoloader->includeFile('C:\\xampp\\htdocs...')
#1 C:\xampp\htdocs\naruto\system\Autoloader\Autoloader.php(219): CodeIgniter\Autoloader\Autoloader->loadInNamespace('App\\Models\\M_pj')
#2 C:\xampp\htdocs\naruto\app\Controllers\Home.php(21): CodeIgniter\Autoloader\Autoloader->loadClass('App\\Models\\M_pj')
#3 C:\xampp\htdocs\naruto\system\CodeIgniter.php(832): App\Controllers\Home->l_brg()
#4 C:\xampp\htdocs\naruto\system\CodeIgniter.php(419): CodeIgniter\CodeIgniter->runController(Object(App\Controllers\Home))
#5 C:\xampp\htdocs\naruto\system\CodeIgniter.php(326): CodeIgniter\CodeIgniter->handleRequest(NULL, Object(Config\Cache), false)
#6 C:\xampp\htdocs\naruto\public\index.php(37): CodeIgniter\CodeIgniter->run()
#7 C:\xampp\htdocs\naruto\system\Commands\Server\rewrite.php(43): require_once('C:\\xampp\\htdocs...')
#8 {main}
ERROR - 2022-11-15 00:49:19 --> Column 'Tanggal' in where clause is ambiguous
CRITICAL - 2022-11-15 00:49:19 --> Call to a member function getResult() on bool
#0 C:\xampp\htdocs\naruto\app\Controllers\Home.php(273): App\Models\M_pj->filter2('barang_masuk', NULL, NULL)
#1 C:\xampp\htdocs\naruto\system\CodeIgniter.php(832): App\Controllers\Home->cari_bm()
#2 C:\xampp\htdocs\naruto\system\CodeIgniter.php(419): CodeIgniter\CodeIgniter->runController(Object(App\Controllers\Home))
#3 C:\xampp\htdocs\naruto\system\CodeIgniter.php(326): CodeIgniter\CodeIgniter->handleRequest(NULL, Object(Config\Cache), false)
#4 C:\xampp\htdocs\naruto\public\index.php(37): CodeIgniter\CodeIgniter->run()
#5 C:\xampp\htdocs\naruto\system\Commands\Server\rewrite.php(43): require_once('C:\\xampp\\htdocs...')
#6 {main}
ERROR - 2022-11-15 01:03:08 --> Unknown column 'barang.id_msk' in 'on clause'
CRITICAL - 2022-11-15 01:03:08 --> Call to a member function getResult() on bool
#0 C:\xampp\htdocs\naruto\app\Controllers\Home.php(273): App\Models\M_pj->filter2('barang_masuk', '2022-11-01', '2022-11-05')
#1 C:\xampp\htdocs\naruto\system\CodeIgniter.php(832): App\Controllers\Home->cari_bm()
#2 C:\xampp\htdocs\naruto\system\CodeIgniter.php(419): CodeIgniter\CodeIgniter->runController(Object(App\Controllers\Home))
#3 C:\xampp\htdocs\naruto\system\CodeIgniter.php(326): CodeIgniter\CodeIgniter->handleRequest(NULL, Object(Config\Cache), false)
#4 C:\xampp\htdocs\naruto\public\index.php(37): CodeIgniter\CodeIgniter->run()
#5 C:\xampp\htdocs\naruto\system\Commands\Server\rewrite.php(43): require_once('C:\\xampp\\htdocs...')
#6 {main}
ERROR - 2022-11-15 01:07:32 --> Not unique table/alias: 'barang_masuk'
CRITICAL - 2022-11-15 01:07:32 --> Call to a member function getResult() on bool
#0 C:\xampp\htdocs\naruto\app\Controllers\Home.php(273): App\Models\M_pj->filter2('barang_masuk', '2022-11-01', '2022-11-07')
#1 C:\xampp\htdocs\naruto\system\CodeIgniter.php(832): App\Controllers\Home->cari_bm()
#2 C:\xampp\htdocs\naruto\system\CodeIgniter.php(419): CodeIgniter\CodeIgniter->runController(Object(App\Controllers\Home))
#3 C:\xampp\htdocs\naruto\system\CodeIgniter.php(326): CodeIgniter\CodeIgniter->handleRequest(NULL, Object(Config\Cache), false)
#4 C:\xampp\htdocs\naruto\public\index.php(37): CodeIgniter\CodeIgniter->run()
#5 C:\xampp\htdocs\naruto\system\Commands\Server\rewrite.php(43): require_once('C:\\xampp\\htdocs...')
#6 {main}
CRITICAL - 2022-11-15 01:08:47 --> syntax error, unexpected variable "$data"
#0 C:\xampp\htdocs\naruto\system\Router\Router.php(175): CodeIgniter\Router\Router->autoRoute('home/cari_bm')
#1 C:\xampp\htdocs\naruto\system\CodeIgniter.php(726): CodeIgniter\Router\Router->handle('home/cari_bm')
#2 C:\xampp\htdocs\naruto\system\CodeIgniter.php(368): CodeIgniter\CodeIgniter->tryToRouteIt(Object(CodeIgniter\Router\RouteCollection))
#3 C:\xampp\htdocs\naruto\system\CodeIgniter.php(326): CodeIgniter\CodeIgniter->handleRequest(NULL, Object(Config\Cache), false)
#4 C:\xampp\htdocs\naruto\public\index.php(37): CodeIgniter\CodeIgniter->run()
#5 C:\xampp\htdocs\naruto\system\Commands\Server\rewrite.php(43): require_once('C:\\xampp\\htdocs...')
#6 {main}
ERROR - 2022-11-15 01:22:56 --> Not unique table/alias: 'barang'
CRITICAL - 2022-11-15 01:22:56 --> Call to a member function getResult() on bool
#0 C:\xampp\htdocs\naruto\app\Controllers\Home.php(263): App\Models\M_pj->filter2('barang', '2022-11-01', '2022-11-09')
#1 C:\xampp\htdocs\naruto\system\CodeIgniter.php(832): App\Controllers\Home->cari_b()
#2 C:\xampp\htdocs\naruto\system\CodeIgniter.php(419): CodeIgniter\CodeIgniter->runController(Object(App\Controllers\Home))
#3 C:\xampp\htdocs\naruto\system\CodeIgniter.php(326): CodeIgniter\CodeIgniter->handleRequest(NULL, Object(Config\Cache), false)
#4 C:\xampp\htdocs\naruto\public\index.php(37): CodeIgniter\CodeIgniter->run()
#5 C:\xampp\htdocs\naruto\system\Commands\Server\rewrite.php(43): require_once('C:\\xampp\\htdocs...')
#6 {main}
ERROR - 2022-11-15 01:23:41 --> Unknown column '2022-11-01' in 'where clause'
CRITICAL - 2022-11-15 01:23:41 --> Call to a member function getResult() on bool
#0 C:\xampp\htdocs\naruto\app\Controllers\Home.php(263): App\Models\M_pj->filter('barang', '2022-11-01', '2022-11-09')
#1 C:\xampp\htdocs\naruto\system\CodeIgniter.php(832): App\Controllers\Home->cari_b()
#2 C:\xampp\htdocs\naruto\system\CodeIgniter.php(419): CodeIgniter\CodeIgniter->runController(Object(App\Controllers\Home))
#3 C:\xampp\htdocs\naruto\system\CodeIgniter.php(326): CodeIgniter\CodeIgniter->handleRequest(NULL, Object(Config\Cache), false)
#4 C:\xampp\htdocs\naruto\public\index.php(37): CodeIgniter\CodeIgniter->run()
#5 C:\xampp\htdocs\naruto\system\Commands\Server\rewrite.php(43): require_once('C:\\xampp\\htdocs...')
#6 {main}
ERROR - 2022-11-15 01:24:02 --> Not unique table/alias: 'barang'
CRITICAL - 2022-11-15 01:24:02 --> Call to a member function getResult() on bool
#0 C:\xampp\htdocs\naruto\app\Controllers\Home.php(263): App\Models\M_pj->filter2('barang', '2022-11-01', '2022-11-09')
#1 C:\xampp\htdocs\naruto\system\CodeIgniter.php(832): App\Controllers\Home->cari_b()
#2 C:\xampp\htdocs\naruto\system\CodeIgniter.php(419): CodeIgniter\CodeIgniter->runController(Object(App\Controllers\Home))
#3 C:\xampp\htdocs\naruto\system\CodeIgniter.php(326): CodeIgniter\CodeIgniter->handleRequest(NULL, Object(Config\Cache), false)
#4 C:\xampp\htdocs\naruto\public\index.php(37): CodeIgniter\CodeIgniter->run()
#5 C:\xampp\htdocs\naruto\system\Commands\Server\rewrite.php(43): require_once('C:\\xampp\\htdocs...')
#6 {main}
ERROR - 2022-11-15 01:24:53 --> Not unique table/alias: 'barang'
CRITICAL - 2022-11-15 01:24:53 --> Call to a member function getResult() on bool
#0 C:\xampp\htdocs\naruto\app\Controllers\Home.php(263): App\Models\M_pj->filter2('barang', '2022-11-01', '2022-11-09')
#1 C:\xampp\htdocs\naruto\system\CodeIgniter.php(832): App\Controllers\Home->cari_b()
#2 C:\xampp\htdocs\naruto\system\CodeIgniter.php(419): CodeIgniter\CodeIgniter->runController(Object(App\Controllers\Home))
#3 C:\xampp\htdocs\naruto\system\CodeIgniter.php(326): CodeIgniter\CodeIgniter->handleRequest(NULL, Object(Config\Cache), false)
#4 C:\xampp\htdocs\naruto\public\index.php(37): CodeIgniter\CodeIgniter->run()
#5 C:\xampp\htdocs\naruto\system\Commands\Server\rewrite.php(43): require_once('C:\\xampp\\htdocs...')
#6 {main}
ERROR - 2022-11-15 01:27:40 --> Unknown column '2022-11-01' in 'where clause'
CRITICAL - 2022-11-15 01:27:40 --> Call to a member function getResult() on bool
#0 C:\xampp\htdocs\naruto\app\Controllers\Home.php(263): App\Models\M_pj->filter('barang', '2022-11-01', '2022-11-09')
#1 C:\xampp\htdocs\naruto\system\CodeIgniter.php(832): App\Controllers\Home->cari_b()
#2 C:\xampp\htdocs\naruto\system\CodeIgniter.php(419): CodeIgniter\CodeIgniter->runController(Object(App\Controllers\Home))
#3 C:\xampp\htdocs\naruto\system\CodeIgniter.php(326): CodeIgniter\CodeIgniter->handleRequest(NULL, Object(Config\Cache), false)
#4 C:\xampp\htdocs\naruto\public\index.php(37): CodeIgniter\CodeIgniter->run()
#5 C:\xampp\htdocs\naruto\system\Commands\Server\rewrite.php(43): require_once('C:\\xampp\\htdocs...')
#6 {main}
ERROR - 2022-11-15 01:32:08 --> Not unique table/alias: 'barang'
CRITICAL - 2022-11-15 01:32:08 --> Call to a member function getResult() on bool
#0 C:\xampp\htdocs\naruto\app\Controllers\Home.php(263): App\Models\M_pj->filter2('barang', '2022-11-01', '2022-11-09')
#1 C:\xampp\htdocs\naruto\system\CodeIgniter.php(832): App\Controllers\Home->cari_b()
#2 C:\xampp\htdocs\naruto\system\CodeIgniter.php(419): CodeIgniter\CodeIgniter->runController(Object(App\Controllers\Home))
#3 C:\xampp\htdocs\naruto\system\CodeIgniter.php(326): CodeIgniter\CodeIgniter->handleRequest(NULL, Object(Config\Cache), false)
#4 C:\xampp\htdocs\naruto\public\index.php(37): CodeIgniter\CodeIgniter->run()
#5 C:\xampp\htdocs\naruto\system\Commands\Server\rewrite.php(43): require_once('C:\\xampp\\htdocs...')
#6 {main}
ERROR - 2022-11-15 01:39:59 --> Not unique table/alias: 'barang'
CRITICAL - 2022-11-15 01:39:59 --> Call to a member function getResult() on bool
#0 C:\xampp\htdocs\naruto\app\Controllers\Home.php(279): App\Models\M_pj->filter2('barang', '2022-11-01', '2022-11-05')
#1 C:\xampp\htdocs\naruto\system\CodeIgniter.php(832): App\Controllers\Home->cari_p()
#2 C:\xampp\htdocs\naruto\system\CodeIgniter.php(419): CodeIgniter\CodeIgniter->runController(Object(App\Controllers\Home))
#3 C:\xampp\htdocs\naruto\system\CodeIgniter.php(326): CodeIgniter\CodeIgniter->handleRequest(NULL, Object(Config\Cache), false)
#4 C:\xampp\htdocs\naruto\public\index.php(37): CodeIgniter\CodeIgniter->run()
#5 C:\xampp\htdocs\naruto\system\Commands\Server\rewrite.php(43): require_once('C:\\xampp\\htdocs...')
#6 {main}
ERROR - 2022-11-15 01:42:39 --> Table 'terserah.barang_keluar' doesn't exist
CRITICAL - 2022-11-15 01:42:39 --> Call to a member function getResult() on bool
#0 C:\xampp\htdocs\naruto\app\Controllers\Home.php(279): App\Models\M_pj->filter2('barang_keluar', '2022-11-15', '2022-12-01')
#1 C:\xampp\htdocs\naruto\system\CodeIgniter.php(832): App\Controllers\Home->cari_p()
#2 C:\xampp\htdocs\naruto\system\CodeIgniter.php(419): CodeIgniter\CodeIgniter->runController(Object(App\Controllers\Home))
#3 C:\xampp\htdocs\naruto\system\CodeIgniter.php(326): CodeIgniter\CodeIgniter->handleRequest(NULL, Object(Config\Cache), false)
#4 C:\xampp\htdocs\naruto\public\index.php(37): CodeIgniter\CodeIgniter->run()
#5 C:\xampp\htdocs\naruto\system\Commands\Server\rewrite.php(43): require_once('C:\\xampp\\htdocs...')
#6 {main}
CRITICAL - 2022-11-15 01:48:48 --> syntax error, unexpected token "public"
#0 C:\xampp\htdocs\naruto\system\Autoloader\Autoloader.php(241): CodeIgniter\Autoloader\Autoloader->includeFile('C:\\xampp\\htdocs...')
#1 C:\xampp\htdocs\naruto\system\Autoloader\Autoloader.php(219): CodeIgniter\Autoloader\Autoloader->loadInNamespace('App\\Models\\M_pj')
#2 C:\xampp\htdocs\naruto\app\Controllers\Home.php(268): CodeIgniter\Autoloader\Autoloader->loadClass('App\\Models\\M_pj')
#3 C:\xampp\htdocs\naruto\system\CodeIgniter.php(832): App\Controllers\Home->cari_bm()
#4 C:\xampp\htdocs\naruto\system\CodeIgniter.php(419): CodeIgniter\CodeIgniter->runController(Object(App\Controllers\Home))
#5 C:\xampp\htdocs\naruto\system\CodeIgniter.php(326): CodeIgniter\CodeIgniter->handleRequest(NULL, Object(Config\Cache), false)
#6 C:\xampp\htdocs\naruto\public\index.php(37): CodeIgniter\CodeIgniter->run()
#7 C:\xampp\htdocs\naruto\system\Commands\Server\rewrite.php(43): require_once('C:\\xampp\\htdocs...')
#8 {main}
ERROR - 2022-11-15 01:49:20 --> Not unique table/alias: 'barang_masuk'
CRITICAL - 2022-11-15 01:49:20 --> Call to a member function getResult() on bool
#0 C:\xampp\htdocs\naruto\app\Controllers\Home.php(271): App\Models\M_pj->filter4('barang_masuk', '2022-11-01', '2022-11-05')
#1 C:\xampp\htdocs\naruto\system\CodeIgniter.php(832): App\Controllers\Home->cari_bm()
#2 C:\xampp\htdocs\naruto\system\CodeIgniter.php(419): CodeIgniter\CodeIgniter->runController(Object(App\Controllers\Home))
#3 C:\xampp\htdocs\naruto\system\CodeIgniter.php(326): CodeIgniter\CodeIgniter->handleRequest(NULL, Object(Config\Cache), false)
#4 C:\xampp\htdocs\naruto\public\index.php(37): CodeIgniter\CodeIgniter->run()
#5 C:\xampp\htdocs\naruto\system\Commands\Server\rewrite.php(43): require_once('C:\\xampp\\htdocs...')
#6 {main}
ERROR - 2022-11-15 01:49:52 --> Not unique table/alias: 'barang_masuk'
CRITICAL - 2022-11-15 01:49:52 --> Call to a member function getResult() on bool
#0 C:\xampp\htdocs\naruto\app\Controllers\Home.php(271): App\Models\M_pj->filter4('barang_masuk', '2022-11-01', '2022-11-05')
#1 C:\xampp\htdocs\naruto\system\CodeIgniter.php(832): App\Controllers\Home->cari_bm()
#2 C:\xampp\htdocs\naruto\system\CodeIgniter.php(419): CodeIgniter\CodeIgniter->runController(Object(App\Controllers\Home))
#3 C:\xampp\htdocs\naruto\system\CodeIgniter.php(326): CodeIgniter\CodeIgniter->handleRequest(NULL, Object(Config\Cache), false)
#4 C:\xampp\htdocs\naruto\public\index.php(37): CodeIgniter\CodeIgniter->run()
#5 C:\xampp\htdocs\naruto\system\Commands\Server\rewrite.php(43): require_once('C:\\xampp\\htdocs...')
#6 {main}
ERROR - 2022-11-15 01:49:56 --> Not unique table/alias: 'barang_masuk'
CRITICAL - 2022-11-15 01:49:56 --> Call to a member function getResult() on bool
#0 C:\xampp\htdocs\naruto\app\Controllers\Home.php(271): App\Models\M_pj->filter4('barang_masuk', '2022-11-01', '2022-11-05')
#1 C:\xampp\htdocs\naruto\system\CodeIgniter.php(832): App\Controllers\Home->cari_bm()
#2 C:\xampp\htdocs\naruto\system\CodeIgniter.php(419): CodeIgniter\CodeIgniter->runController(Object(App\Controllers\Home))
#3 C:\xampp\htdocs\naruto\system\CodeIgniter.php(326): CodeIgniter\CodeIgniter->handleRequest(NULL, Object(Config\Cache), false)
#4 C:\xampp\htdocs\naruto\public\index.php(37): CodeIgniter\CodeIgniter->run()
#5 C:\xampp\htdocs\naruto\system\Commands\Server\rewrite.php(43): require_once('C:\\xampp\\htdocs...')
#6 {main}
CRITICAL - 2022-11-15 01:58:37 --> Undefined variable $diva
#0 C:\xampp\htdocs\naruto\app\Views\tambah_bm.php(63): CodeIgniter\Debug\Exceptions->errorHandler(2, 'Undefined varia...', 'C:\\xampp\\htdocs...', 63)
#1 C:\xampp\htdocs\naruto\system\View\View.php(210): include('C:\\xampp\\htdocs...')
#2 C:\xampp\htdocs\naruto\system\View\View.php(213): CodeIgniter\View\View->CodeIgniter\View\{closure}()
#3 C:\xampp\htdocs\naruto\system\Common.php(1089): CodeIgniter\View\View->render('tambah_bm', Array, true)
#4 C:\xampp\htdocs\naruto\app\Controllers\Home.php(113): view('tambah_bm', Array)
#5 C:\xampp\htdocs\naruto\system\CodeIgniter.php(832): App\Controllers\Home->tambah_bm()
#6 C:\xampp\htdocs\naruto\system\CodeIgniter.php(419): CodeIgniter\CodeIgniter->runController(Object(App\Controllers\Home))
#7 C:\xampp\htdocs\naruto\system\CodeIgniter.php(326): CodeIgniter\CodeIgniter->handleRequest(NULL, Object(Config\Cache), false)
#8 C:\xampp\htdocs\naruto\public\index.php(37): CodeIgniter\CodeIgniter->run()
#9 C:\xampp\htdocs\naruto\system\Commands\Server\rewrite.php(43): require_once('C:\\xampp\\htdocs...')
#10 {main}
CRITICAL - 2022-11-15 01:59:41 --> Attempt to read property "id_msk" on array
#0 C:\xampp\htdocs\naruto\app\Views\tambah_bm.php(63): CodeIgniter\Debug\Exceptions->errorHandler(2, 'Attempt to read...', 'C:\\xampp\\htdocs...', 63)
#1 C:\xampp\htdocs\naruto\system\View\View.php(210): include('C:\\xampp\\htdocs...')
#2 C:\xampp\htdocs\naruto\system\View\View.php(213): CodeIgniter\View\View->CodeIgniter\View\{closure}()
#3 C:\xampp\htdocs\naruto\system\Common.php(1089): CodeIgniter\View\View->render('tambah_bm', Array, true)
#4 C:\xampp\htdocs\naruto\app\Controllers\Home.php(113): view('tambah_bm', Array)
#5 C:\xampp\htdocs\naruto\system\CodeIgniter.php(832): App\Controllers\Home->tambah_bm()
#6 C:\xampp\htdocs\naruto\system\CodeIgniter.php(419): CodeIgniter\CodeIgniter->runController(Object(App\Controllers\Home))
#7 C:\xampp\htdocs\naruto\system\CodeIgniter.php(326): CodeIgniter\CodeIgniter->handleRequest(NULL, Object(Config\Cache), false)
#8 C:\xampp\htdocs\naruto\public\index.php(37): CodeIgniter\CodeIgniter->run()
#9 C:\xampp\htdocs\naruto\system\Commands\Server\rewrite.php(43): require_once('C:\\xampp\\htdocs...')
#10 {main}
CRITICAL - 2022-11-15 02:00:01 --> Attempt to read property "id_brg" on array
#0 C:\xampp\htdocs\naruto\app\Views\tambah_bm.php(63): CodeIgniter\Debug\Exceptions->errorHandler(2, 'Attempt to read...', 'C:\\xampp\\htdocs...', 63)
#1 C:\xampp\htdocs\naruto\system\View\View.php(210): include('C:\\xampp\\htdocs...')
#2 C:\xampp\htdocs\naruto\system\View\View.php(213): CodeIgniter\View\View->CodeIgniter\View\{closure}()
#3 C:\xampp\htdocs\naruto\system\Common.php(1089): CodeIgniter\View\View->render('tambah_bm', Array, true)
#4 C:\xampp\htdocs\naruto\app\Controllers\Home.php(113): view('tambah_bm', Array)
#5 C:\xampp\htdocs\naruto\system\CodeIgniter.php(832): App\Controllers\Home->tambah_bm()
#6 C:\xampp\htdocs\naruto\system\CodeIgniter.php(419): CodeIgniter\CodeIgniter->runController(Object(App\Controllers\Home))
#7 C:\xampp\htdocs\naruto\system\CodeIgniter.php(326): CodeIgniter\CodeIgniter->handleRequest(NULL, Object(Config\Cache), false)
#8 C:\xampp\htdocs\naruto\public\index.php(37): CodeIgniter\CodeIgniter->run()
#9 C:\xampp\htdocs\naruto\system\Commands\Server\rewrite.php(43): require_once('C:\\xampp\\htdocs...')
#10 {main}
CRITICAL - 2022-11-15 02:00:12 --> Attempt to read property "id_brg" on array
#0 C:\xampp\htdocs\naruto\app\Views\tambah_bm.php(63): CodeIgniter\Debug\Exceptions->errorHandler(2, 'Attempt to read...', 'C:\\xampp\\htdocs...', 63)
#1 C:\xampp\htdocs\naruto\system\View\View.php(210): include('C:\\xampp\\htdocs...')
#2 C:\xampp\htdocs\naruto\system\View\View.php(213): CodeIgniter\View\View->CodeIgniter\View\{closure}()
#3 C:\xampp\htdocs\naruto\system\Common.php(1089): CodeIgniter\View\View->render('tambah_bm', Array, true)
#4 C:\xampp\htdocs\naruto\app\Controllers\Home.php(113): view('tambah_bm', Array)
#5 C:\xampp\htdocs\naruto\system\CodeIgniter.php(832): App\Controllers\Home->tambah_bm()
#6 C:\xampp\htdocs\naruto\system\CodeIgniter.php(419): CodeIgniter\CodeIgniter->runController(Object(App\Controllers\Home))
#7 C:\xampp\htdocs\naruto\system\CodeIgniter.php(326): CodeIgniter\CodeIgniter->handleRequest(NULL, Object(Config\Cache), false)
#8 C:\xampp\htdocs\naruto\public\index.php(37): CodeIgniter\CodeIgniter->run()
#9 C:\xampp\htdocs\naruto\system\Commands\Server\rewrite.php(43): require_once('C:\\xampp\\htdocs...')
#10 {main}
CRITICAL - 2022-11-15 02:01:40 --> Attempt to read property "id_brg" on array
#0 C:\xampp\htdocs\naruto\app\Views\tambah_bm.php(63): CodeIgniter\Debug\Exceptions->errorHandler(2, 'Attempt to read...', 'C:\\xampp\\htdocs...', 63)
#1 C:\xampp\htdocs\naruto\system\View\View.php(210): include('C:\\xampp\\htdocs...')
#2 C:\xampp\htdocs\naruto\system\View\View.php(213): CodeIgniter\View\View->CodeIgniter\View\{closure}()
#3 C:\xampp\htdocs\naruto\system\Common.php(1089): CodeIgniter\View\View->render('tambah_bm', Array, true)
#4 C:\xampp\htdocs\naruto\app\Controllers\Home.php(113): view('tambah_bm', Array)
#5 C:\xampp\htdocs\naruto\system\CodeIgniter.php(832): App\Controllers\Home->tambah_bm()
#6 C:\xampp\htdocs\naruto\system\CodeIgniter.php(419): CodeIgniter\CodeIgniter->runController(Object(App\Controllers\Home))
#7 C:\xampp\htdocs\naruto\system\CodeIgniter.php(326): CodeIgniter\CodeIgniter->handleRequest(NULL, Object(Config\Cache), false)
#8 C:\xampp\htdocs\naruto\public\index.php(37): CodeIgniter\CodeIgniter->run()
#9 C:\xampp\htdocs\naruto\system\Commands\Server\rewrite.php(43): require_once('C:\\xampp\\htdocs...')
#10 {main}
CRITICAL - 2022-11-15 02:09:32 --> Attempt to read property "id_brg" on array
#0 C:\xampp\htdocs\naruto\app\Views\tambah_bm.php(63): CodeIgniter\Debug\Exceptions->errorHandler(2, 'Attempt to read...', 'C:\\xampp\\htdocs...', 63)
#1 C:\xampp\htdocs\naruto\system\View\View.php(210): include('C:\\xampp\\htdocs...')
#2 C:\xampp\htdocs\naruto\system\View\View.php(213): CodeIgniter\View\View->CodeIgniter\View\{closure}()
#3 C:\xampp\htdocs\naruto\system\Common.php(1089): CodeIgniter\View\View->render('tambah_bm', Array, true)
#4 C:\xampp\htdocs\naruto\app\Controllers\Home.php(113): view('tambah_bm', Array)
#5 C:\xampp\htdocs\naruto\system\CodeIgniter.php(832): App\Controllers\Home->tambah_bm()
#6 C:\xampp\htdocs\naruto\system\CodeIgniter.php(419): CodeIgniter\CodeIgniter->runController(Object(App\Controllers\Home))
#7 C:\xampp\htdocs\naruto\system\CodeIgniter.php(326): CodeIgniter\CodeIgniter->handleRequest(NULL, Object(Config\Cache), false)
#8 C:\xampp\htdocs\naruto\public\index.php(37): CodeIgniter\CodeIgniter->run()
#9 C:\xampp\htdocs\naruto\system\Commands\Server\rewrite.php(43): require_once('C:\\xampp\\htdocs...')
#10 {main}
CRITICAL - 2022-11-15 02:09:55 --> Attempt to read property "id_msk" on array
#0 C:\xampp\htdocs\naruto\app\Views\tambah_bm.php(63): CodeIgniter\Debug\Exceptions->errorHandler(2, 'Attempt to read...', 'C:\\xampp\\htdocs...', 63)
#1 C:\xampp\htdocs\naruto\system\View\View.php(210): include('C:\\xampp\\htdocs...')
#2 C:\xampp\htdocs\naruto\system\View\View.php(213): CodeIgniter\View\View->CodeIgniter\View\{closure}()
#3 C:\xampp\htdocs\naruto\system\Common.php(1089): CodeIgniter\View\View->render('tambah_bm', Array, true)
#4 C:\xampp\htdocs\naruto\app\Controllers\Home.php(113): view('tambah_bm', Array)
#5 C:\xampp\htdocs\naruto\system\CodeIgniter.php(832): App\Controllers\Home->tambah_bm()
#6 C:\xampp\htdocs\naruto\system\CodeIgniter.php(419): CodeIgniter\CodeIgniter->runController(Object(App\Controllers\Home))
#7 C:\xampp\htdocs\naruto\system\CodeIgniter.php(326): CodeIgniter\CodeIgniter->handleRequest(NULL, Object(Config\Cache), false)
#8 C:\xampp\htdocs\naruto\public\index.php(37): CodeIgniter\CodeIgniter->run()
#9 C:\xampp\htdocs\naruto\system\Commands\Server\rewrite.php(43): require_once('C:\\xampp\\htdocs...')
#10 {main}
CRITICAL - 2022-11-15 02:10:38 --> Attempt to read property "id_msk" on array
#0 C:\xampp\htdocs\naruto\app\Views\tambah_bm.php(63): CodeIgniter\Debug\Exceptions->errorHandler(2, 'Attempt to read...', 'C:\\xampp\\htdocs...', 63)
#1 C:\xampp\htdocs\naruto\system\View\View.php(210): include('C:\\xampp\\htdocs...')
#2 C:\xampp\htdocs\naruto\system\View\View.php(213): CodeIgniter\View\View->CodeIgniter\View\{closure}()
#3 C:\xampp\htdocs\naruto\system\Common.php(1089): CodeIgniter\View\View->render('tambah_bm', Array, true)
#4 C:\xampp\htdocs\naruto\app\Controllers\Home.php(113): view('tambah_bm', Array)
#5 C:\xampp\htdocs\naruto\system\CodeIgniter.php(832): App\Controllers\Home->tambah_bm()
#6 C:\xampp\htdocs\naruto\system\CodeIgniter.php(419): CodeIgniter\CodeIgniter->runController(Object(App\Controllers\Home))
#7 C:\xampp\htdocs\naruto\system\CodeIgniter.php(326): CodeIgniter\CodeIgniter->handleRequest(NULL, Object(Config\Cache), false)
#8 C:\xampp\htdocs\naruto\public\index.php(37): CodeIgniter\CodeIgniter->run()
#9 C:\xampp\htdocs\naruto\system\Commands\Server\rewrite.php(43): require_once('C:\\xampp\\htdocs...')
#10 {main}
CRITICAL - 2022-11-15 02:10:43 --> Attempt to read property "id_msk" on array
#0 C:\xampp\htdocs\naruto\app\Views\tambah_bm.php(63): CodeIgniter\Debug\Exceptions->errorHandler(2, 'Attempt to read...', 'C:\\xampp\\htdocs...', 63)
#1 C:\xampp\htdocs\naruto\system\View\View.php(210): include('C:\\xampp\\htdocs...')
#2 C:\xampp\htdocs\naruto\system\View\View.php(213): CodeIgniter\View\View->CodeIgniter\View\{closure}()
#3 C:\xampp\htdocs\naruto\system\Common.php(1089): CodeIgniter\View\View->render('tambah_bm', Array, true)
#4 C:\xampp\htdocs\naruto\app\Controllers\Home.php(113): view('tambah_bm', Array)
#5 C:\xampp\htdocs\naruto\system\CodeIgniter.php(832): App\Controllers\Home->tambah_bm()
#6 C:\xampp\htdocs\naruto\system\CodeIgniter.php(419): CodeIgniter\CodeIgniter->runController(Object(App\Controllers\Home))
#7 C:\xampp\htdocs\naruto\system\CodeIgniter.php(326): CodeIgniter\CodeIgniter->handleRequest(NULL, Object(Config\Cache), false)
#8 C:\xampp\htdocs\naruto\public\index.php(37): CodeIgniter\CodeIgniter->run()
#9 C:\xampp\htdocs\naruto\system\Commands\Server\rewrite.php(43): require_once('C:\\xampp\\htdocs...')
#10 {main}
CRITICAL - 2022-11-15 02:10:45 --> Attempt to read property "id_msk" on array
#0 C:\xampp\htdocs\naruto\app\Views\tambah_bm.php(63): CodeIgniter\Debug\Exceptions->errorHandler(2, 'Attempt to read...', 'C:\\xampp\\htdocs...', 63)
#1 C:\xampp\htdocs\naruto\system\View\View.php(210): include('C:\\xampp\\htdocs...')
#2 C:\xampp\htdocs\naruto\system\View\View.php(213): CodeIgniter\View\View->CodeIgniter\View\{closure}()
#3 C:\xampp\htdocs\naruto\system\Common.php(1089): CodeIgniter\View\View->render('tambah_bm', Array, true)
#4 C:\xampp\htdocs\naruto\app\Controllers\Home.php(113): view('tambah_bm', Array)
#5 C:\xampp\htdocs\naruto\system\CodeIgniter.php(832): App\Controllers\Home->tambah_bm()
#6 C:\xampp\htdocs\naruto\system\CodeIgniter.php(419): CodeIgniter\CodeIgniter->runController(Object(App\Controllers\Home))
#7 C:\xampp\htdocs\naruto\system\CodeIgniter.php(326): CodeIgniter\CodeIgniter->handleRequest(NULL, Object(Config\Cache), false)
#8 C:\xampp\htdocs\naruto\public\index.php(37): CodeIgniter\CodeIgniter->run()
#9 C:\xampp\htdocs\naruto\system\Commands\Server\rewrite.php(43): require_once('C:\\xampp\\htdocs...')
#10 {main}
CRITICAL - 2022-11-15 02:11:17 --> Attempt to read property "id_msk" on array
#0 C:\xampp\htdocs\naruto\app\Views\tambah_bm.php(63): CodeIgniter\Debug\Exceptions->errorHandler(2, 'Attempt to read...', 'C:\\xampp\\htdocs...', 63)
#1 C:\xampp\htdocs\naruto\system\View\View.php(210): include('C:\\xampp\\htdocs...')
#2 C:\xampp\htdocs\naruto\system\View\View.php(213): CodeIgniter\View\View->CodeIgniter\View\{closure}()
#3 C:\xampp\htdocs\naruto\system\Common.php(1089): CodeIgniter\View\View->render('tambah_bm', Array, true)
#4 C:\xampp\htdocs\naruto\app\Controllers\Home.php(113): view('tambah_bm', Array)
#5 C:\xampp\htdocs\naruto\system\CodeIgniter.php(832): App\Controllers\Home->tambah_bm()
#6 C:\xampp\htdocs\naruto\system\CodeIgniter.php(419): CodeIgniter\CodeIgniter->runController(Object(App\Controllers\Home))
#7 C:\xampp\htdocs\naruto\system\CodeIgniter.php(326): CodeIgniter\CodeIgniter->handleRequest(NULL, Object(Config\Cache), false)
#8 C:\xampp\htdocs\naruto\public\index.php(37): CodeIgniter\CodeIgniter->run()
#9 C:\xampp\htdocs\naruto\system\Commands\Server\rewrite.php(43): require_once('C:\\xampp\\htdocs...')
#10 {main}
CRITICAL - 2022-11-15 02:13:09 --> Undefined variable $id
#0 C:\xampp\htdocs\naruto\app\Controllers\Home.php(151): CodeIgniter\Debug\Exceptions->errorHandler(2, 'Undefined varia...', 'C:\\xampp\\htdocs...', 151)
#1 C:\xampp\htdocs\naruto\system\CodeIgniter.php(832): App\Controllers\Home->aksi_tambah_bm()
#2 C:\xampp\htdocs\naruto\system\CodeIgniter.php(419): CodeIgniter\CodeIgniter->runController(Object(App\Controllers\Home))
#3 C:\xampp\htdocs\naruto\system\CodeIgniter.php(326): CodeIgniter\CodeIgniter->handleRequest(NULL, Object(Config\Cache), false)
#4 C:\xampp\htdocs\naruto\public\index.php(37): CodeIgniter\CodeIgniter->run()
#5 C:\xampp\htdocs\naruto\system\Commands\Server\rewrite.php(43): require_once('C:\\xampp\\htdocs...')
#6 {main}
CRITICAL - 2022-11-15 02:13:27 --> Undefined variable $id
#0 C:\xampp\htdocs\naruto\app\Controllers\Home.php(151): CodeIgniter\Debug\Exceptions->errorHandler(2, 'Undefined varia...', 'C:\\xampp\\htdocs...', 151)
#1 C:\xampp\htdocs\naruto\system\CodeIgniter.php(832): App\Controllers\Home->aksi_tambah_bm()
#2 C:\xampp\htdocs\naruto\system\CodeIgniter.php(419): CodeIgniter\CodeIgniter->runController(Object(App\Controllers\Home))
#3 C:\xampp\htdocs\naruto\system\CodeIgniter.php(326): CodeIgniter\CodeIgniter->handleRequest(NULL, Object(Config\Cache), false)
#4 C:\xampp\htdocs\naruto\public\index.php(37): CodeIgniter\CodeIgniter->run()
#5 C:\xampp\htdocs\naruto\system\Commands\Server\rewrite.php(43): require_once('C:\\xampp\\htdocs...')
#6 {main}
CRITICAL - 2022-11-15 02:14:21 --> Undefined variable $where
#0 C:\xampp\htdocs\naruto\app\Models\M_pj.php(61): CodeIgniter\Debug\Exceptions->errorHandler(2, 'Undefined varia...', 'C:\\xampp\\htdocs...', 61)
#1 C:\xampp\htdocs\naruto\app\Controllers\Home.php(157): App\Models\M_pj->simpan('barang_masuk', Array)
#2 C:\xampp\htdocs\naruto\system\CodeIgniter.php(832): App\Controllers\Home->aksi_tambah_bm()
#3 C:\xampp\htdocs\naruto\system\CodeIgniter.php(419): CodeIgniter\CodeIgniter->runController(Object(App\Controllers\Home))
#4 C:\xampp\htdocs\naruto\system\CodeIgniter.php(326): CodeIgniter\CodeIgniter->handleRequest(NULL, Object(Config\Cache), false)
#5 C:\xampp\htdocs\naruto\public\index.php(37): CodeIgniter\CodeIgniter->run()
#6 C:\xampp\htdocs\naruto\system\Commands\Server\rewrite.php(43): require_once('C:\\xampp\\htdocs...')
#7 {main}
ERROR - 2022-11-15 02:14:38 --> Column 'nama_barang' cannot be null
CRITICAL - 2022-11-15 02:18:47 --> You must set the database table to be used with your query.
#0 C:\xampp\htdocs\naruto\system\Model.php(545): CodeIgniter\Database\BaseConnection->table(NULL)
#1 C:\xampp\htdocs\naruto\system\Model.php(722): CodeIgniter\Model->builder()
#2 C:\xampp\htdocs\naruto\app\Controllers\Home.php(110): CodeIgniter\Model->__call('join', Array)
#3 C:\xampp\htdocs\naruto\system\CodeIgniter.php(832): App\Controllers\Home->tambah_bm()
#4 C:\xampp\htdocs\naruto\system\CodeIgniter.php(419): CodeIgniter\CodeIgniter->runController(Object(App\Controllers\Home))
#5 C:\xampp\htdocs\naruto\system\CodeIgniter.php(326): CodeIgniter\CodeIgniter->handleRequest(NULL, Object(Config\Cache), false)
#6 C:\xampp\htdocs\naruto\public\index.php(37): CodeIgniter\CodeIgniter->run()
#7 C:\xampp\htdocs\naruto\system\Commands\Server\rewrite.php(43): require_once('C:\\xampp\\htdocs...')
#8 {main}
CRITICAL - 2022-11-15 22:30:18 --> You must set the database table to be used with your query.
#0 C:\xampp\htdocs\naruto\system\Model.php(545): CodeIgniter\Database\BaseConnection->table(NULL)
#1 C:\xampp\htdocs\naruto\system\Model.php(722): CodeIgniter\Model->builder()
#2 C:\xampp\htdocs\naruto\app\Controllers\Home.php(59): CodeIgniter\Model->__call('join', Array)
#3 C:\xampp\htdocs\naruto\system\CodeIgniter.php(832): App\Controllers\Home->t_masuk()
#4 C:\xampp\htdocs\naruto\system\CodeIgniter.php(419): CodeIgniter\CodeIgniter->runController(Object(App\Controllers\Home))
#5 C:\xampp\htdocs\naruto\system\CodeIgniter.php(326): CodeIgniter\CodeIgniter->handleRequest(NULL, Object(Config\Cache), false)
#6 C:\xampp\htdocs\naruto\public\index.php(37): CodeIgniter\CodeIgniter->run()
#7 C:\xampp\htdocs\naruto\system\Commands\Server\rewrite.php(43): require_once('C:\\xampp\\htdocs...')
#8 {main}
CRITICAL - 2022-11-15 22:32:53 --> You must set the database table to be used with your query.
#0 C:\xampp\htdocs\naruto\system\Model.php(545): CodeIgniter\Database\BaseConnection->table(NULL)
#1 C:\xampp\htdocs\naruto\system\Model.php(722): CodeIgniter\Model->builder()
#2 C:\xampp\htdocs\naruto\app\Controllers\Home.php(59): CodeIgniter\Model->__call('join', Array)
#3 C:\xampp\htdocs\naruto\system\CodeIgniter.php(832): App\Controllers\Home->t_masuk()
#4 C:\xampp\htdocs\naruto\system\CodeIgniter.php(419): CodeIgniter\CodeIgniter->runController(Object(App\Controllers\Home))
#5 C:\xampp\htdocs\naruto\system\CodeIgniter.php(326): CodeIgniter\CodeIgniter->handleRequest(NULL, Object(Config\Cache), false)
#6 C:\xampp\htdocs\naruto\public\index.php(37): CodeIgniter\CodeIgniter->run()
#7 C:\xampp\htdocs\naruto\system\Commands\Server\rewrite.php(43): require_once('C:\\xampp\\htdocs...')
#8 {main}
CRITICAL - 2022-11-15 22:33:59 --> You must set the database table to be used with your query.
#0 C:\xampp\htdocs\naruto\system\Model.php(545): CodeIgniter\Database\BaseConnection->table(NULL)
#1 C:\xampp\htdocs\naruto\system\Model.php(722): CodeIgniter\Model->builder()
#2 C:\xampp\htdocs\naruto\app\Controllers\Home.php(110): CodeIgniter\Model->__call('join', Array)
#3 C:\xampp\htdocs\naruto\system\CodeIgniter.php(832): App\Controllers\Home->tambah_bm()
#4 C:\xampp\htdocs\naruto\system\CodeIgniter.php(419): CodeIgniter\CodeIgniter->runController(Object(App\Controllers\Home))
#5 C:\xampp\htdocs\naruto\system\CodeIgniter.php(326): CodeIgniter\CodeIgniter->handleRequest(NULL, Object(Config\Cache), false)
#6 C:\xampp\htdocs\naruto\public\index.php(37): CodeIgniter\CodeIgniter->run()
#7 C:\xampp\htdocs\naruto\system\Commands\Server\rewrite.php(43): require_once('C:\\xampp\\htdocs...')
#8 {main}
CRITICAL - 2022-11-15 23:59:33 --> Attempt to read property "id_brg" on null
#0 C:\xampp\htdocs\naruto\app\Views\edit_barang.php(26): CodeIgniter\Debug\Exceptions->errorHandler(2, 'Attempt to read...', 'C:\\xampp\\htdocs...', 26)
#1 C:\xampp\htdocs\naruto\system\View\View.php(210): include('C:\\xampp\\htdocs...')
#2 C:\xampp\htdocs\naruto\system\View\View.php(213): CodeIgniter\View\View->CodeIgniter\View\{closure}()
#3 C:\xampp\htdocs\naruto\system\Common.php(1089): CodeIgniter\View\View->render('edit_barang', Array, true)
#4 C:\xampp\htdocs\naruto\app\Controllers\Home.php(123): view('edit_barang', Array)
#5 C:\xampp\htdocs\naruto\system\CodeIgniter.php(832): App\Controllers\Home->edit_b('images', 'img.jpg')
#6 C:\xampp\htdocs\naruto\system\CodeIgniter.php(419): CodeIgniter\CodeIgniter->runController(Object(App\Controllers\Home))
#7 C:\xampp\htdocs\naruto\system\CodeIgniter.php(326): CodeIgniter\CodeIgniter->handleRequest(NULL, Object(Config\Cache), false)
#8 C:\xampp\htdocs\naruto\public\index.php(37): CodeIgniter\CodeIgniter->run()
#9 C:\xampp\htdocs\naruto\system\Commands\Server\rewrite.php(43): require_once('C:\\xampp\\htdocs...')
#10 {main}
