CRITICAL - 2024-02-28 08:10:32 --> Cannot use object of type stdClass as array
#0 C:\xampp\htdocs\galeri_foto\system\CodeIgniter.php(832): App\Controllers\Home->proses_login()
#1 C:\xampp\htdocs\galeri_foto\system\CodeIgniter.php(419): CodeIgniter\CodeIgniter->runController(Object(App\Controllers\Home))
#2 C:\xampp\htdocs\galeri_foto\system\CodeIgniter.php(326): CodeIgniter\CodeIgniter->handleRequest(NULL, Object(Config\Cache), false)
#3 C:\xampp\htdocs\galeri_foto\public\index.php(37): CodeIgniter\CodeIgniter->run()
#4 C:\xampp\htdocs\galeri_foto\system\Commands\Server\rewrite.php(43): require_once('C:\\xampp\\htdocs...')
#5 {main}
CRITICAL - 2024-02-28 08:16:07 --> Cannot use object of type stdClass as array
#0 C:\xampp\htdocs\galeri_foto\system\CodeIgniter.php(832): App\Controllers\Home->proses_login()
#1 C:\xampp\htdocs\galeri_foto\system\CodeIgniter.php(419): CodeIgniter\CodeIgniter->runController(Object(App\Controllers\Home))
#2 C:\xampp\htdocs\galeri_foto\system\CodeIgniter.php(326): CodeIgniter\CodeIgniter->handleRequest(NULL, Object(Config\Cache), false)
#3 C:\xampp\htdocs\galeri_foto\public\index.php(37): CodeIgniter\CodeIgniter->run()
#4 C:\xampp\htdocs\galeri_foto\system\Commands\Server\rewrite.php(43): require_once('C:\\xampp\\htdocs...')
#5 {main}
CRITICAL - 2024-02-28 08:16:33 --> Cannot use object of type stdClass as array
#0 C:\xampp\htdocs\galeri_foto\system\CodeIgniter.php(832): App\Controllers\Home->proses_login()
#1 C:\xampp\htdocs\galeri_foto\system\CodeIgniter.php(419): CodeIgniter\CodeIgniter->runController(Object(App\Controllers\Home))
#2 C:\xampp\htdocs\galeri_foto\system\CodeIgniter.php(326): CodeIgniter\CodeIgniter->handleRequest(NULL, Object(Config\Cache), false)
#3 C:\xampp\htdocs\galeri_foto\public\index.php(37): CodeIgniter\CodeIgniter->run()
#4 C:\xampp\htdocs\galeri_foto\system\Commands\Server\rewrite.php(43): require_once('C:\\xampp\\htdocs...')
#5 {main}
CRITICAL - 2024-02-28 08:17:04 --> Cannot use object of type stdClass as array
#0 C:\xampp\htdocs\galeri_foto\system\CodeIgniter.php(832): App\Controllers\Home->proses_login()
#1 C:\xampp\htdocs\galeri_foto\system\CodeIgniter.php(419): CodeIgniter\CodeIgniter->runController(Object(App\Controllers\Home))
#2 C:\xampp\htdocs\galeri_foto\system\CodeIgniter.php(326): CodeIgniter\CodeIgniter->handleRequest(NULL, Object(Config\Cache), false)
#3 C:\xampp\htdocs\galeri_foto\public\index.php(37): CodeIgniter\CodeIgniter->run()
#4 C:\xampp\htdocs\galeri_foto\system\Commands\Server\rewrite.php(43): require_once('C:\\xampp\\htdocs...')
#5 {main}
CRITICAL - 2024-02-28 08:17:54 --> syntax error, unexpected token "=>", expecting ")"
#0 C:\xampp\htdocs\galeri_foto\system\Router\Router.php(175): CodeIgniter\Router\Router->autoRoute('Home/proses_log...')
#1 C:\xampp\htdocs\galeri_foto\system\CodeIgniter.php(726): CodeIgniter\Router\Router->handle('Home/proses_log...')
#2 C:\xampp\htdocs\galeri_foto\system\CodeIgniter.php(368): CodeIgniter\CodeIgniter->tryToRouteIt(Object(CodeIgniter\Router\RouteCollection))
#3 C:\xampp\htdocs\galeri_foto\system\CodeIgniter.php(326): CodeIgniter\CodeIgniter->handleRequest(NULL, Object(Config\Cache), false)
#4 C:\xampp\htdocs\galeri_foto\public\index.php(37): CodeIgniter\CodeIgniter->run()
#5 C:\xampp\htdocs\galeri_foto\system\Commands\Server\rewrite.php(43): require_once('C:\\xampp\\htdocs...')
#6 {main}
CRITICAL - 2024-02-28 08:18:27 --> Object of type stdClass is not callable
#0 C:\xampp\htdocs\galeri_foto\system\CodeIgniter.php(832): App\Controllers\Home->proses_login()
#1 C:\xampp\htdocs\galeri_foto\system\CodeIgniter.php(419): CodeIgniter\CodeIgniter->runController(Object(App\Controllers\Home))
#2 C:\xampp\htdocs\galeri_foto\system\CodeIgniter.php(326): CodeIgniter\CodeIgniter->handleRequest(NULL, Object(Config\Cache), false)
#3 C:\xampp\htdocs\galeri_foto\public\index.php(37): CodeIgniter\CodeIgniter->run()
#4 C:\xampp\htdocs\galeri_foto\system\Commands\Server\rewrite.php(43): require_once('C:\\xampp\\htdocs...')
#5 {main}
CRITICAL - 2024-02-28 08:18:42 --> syntax error, unexpected single-quoted string "userID", expecting ")"
#0 C:\xampp\htdocs\galeri_foto\system\Router\Router.php(175): CodeIgniter\Router\Router->autoRoute('Home/proses_log...')
#1 C:\xampp\htdocs\galeri_foto\system\CodeIgniter.php(726): CodeIgniter\Router\Router->handle('Home/proses_log...')
#2 C:\xampp\htdocs\galeri_foto\system\CodeIgniter.php(368): CodeIgniter\CodeIgniter->tryToRouteIt(Object(CodeIgniter\Router\RouteCollection))
#3 C:\xampp\htdocs\galeri_foto\system\CodeIgniter.php(326): CodeIgniter\CodeIgniter->handleRequest(NULL, Object(Config\Cache), false)
#4 C:\xampp\htdocs\galeri_foto\public\index.php(37): CodeIgniter\CodeIgniter->run()
#5 C:\xampp\htdocs\galeri_foto\system\Commands\Server\rewrite.php(43): require_once('C:\\xampp\\htdocs...')
#6 {main}
CRITICAL - 2024-02-28 08:19:45 --> Cannot use object of type stdClass as array
#0 C:\xampp\htdocs\galeri_foto\system\CodeIgniter.php(832): App\Controllers\Home->proses_login()
#1 C:\xampp\htdocs\galeri_foto\system\CodeIgniter.php(419): CodeIgniter\CodeIgniter->runController(Object(App\Controllers\Home))
#2 C:\xampp\htdocs\galeri_foto\system\CodeIgniter.php(326): CodeIgniter\CodeIgniter->handleRequest(NULL, Object(Config\Cache), false)
#3 C:\xampp\htdocs\galeri_foto\public\index.php(37): CodeIgniter\CodeIgniter->run()
#4 C:\xampp\htdocs\galeri_foto\system\Commands\Server\rewrite.php(43): require_once('C:\\xampp\\htdocs...')
#5 {main}
CRITICAL - 2024-02-28 08:49:25 --> Cannot use object of type stdClass as array
#0 C:\xampp\htdocs\galeri_foto\system\CodeIgniter.php(832): App\Controllers\Home->proses_login()
#1 C:\xampp\htdocs\galeri_foto\system\CodeIgniter.php(419): CodeIgniter\CodeIgniter->runController(Object(App\Controllers\Home))
#2 C:\xampp\htdocs\galeri_foto\system\CodeIgniter.php(326): CodeIgniter\CodeIgniter->handleRequest(NULL, Object(Config\Cache), false)
#3 C:\xampp\htdocs\galeri_foto\public\index.php(37): CodeIgniter\CodeIgniter->run()
#4 C:\xampp\htdocs\galeri_foto\system\Commands\Server\rewrite.php(43): require_once('C:\\xampp\\htdocs...')
#5 {main}
CRITICAL - 2024-02-28 09:22:01 --> Cannot use object of type stdClass as array
#0 C:\xampp\htdocs\galeri_foto\system\CodeIgniter.php(832): App\Controllers\Home->proses_login()
#1 C:\xampp\htdocs\galeri_foto\system\CodeIgniter.php(419): CodeIgniter\CodeIgniter->runController(Object(App\Controllers\Home))
#2 C:\xampp\htdocs\galeri_foto\system\CodeIgniter.php(326): CodeIgniter\CodeIgniter->handleRequest(NULL, Object(Config\Cache), false)
#3 C:\xampp\htdocs\galeri_foto\public\index.php(37): CodeIgniter\CodeIgniter->run()
#4 C:\xampp\htdocs\galeri_foto\system\Commands\Server\rewrite.php(43): require_once('C:\\xampp\\htdocs...')
#5 {main}
CRITICAL - 2024-02-28 09:37:56 --> Cannot use object of type stdClass as array
#0 C:\xampp\htdocs\galeri_foto\system\CodeIgniter.php(832): App\Controllers\Home->proses_login()
#1 C:\xampp\htdocs\galeri_foto\system\CodeIgniter.php(419): CodeIgniter\CodeIgniter->runController(Object(App\Controllers\Home))
#2 C:\xampp\htdocs\galeri_foto\system\CodeIgniter.php(326): CodeIgniter\CodeIgniter->handleRequest(NULL, Object(Config\Cache), false)
#3 C:\xampp\htdocs\galeri_foto\public\index.php(37): CodeIgniter\CodeIgniter->run()
#4 C:\xampp\htdocs\galeri_foto\system\Commands\Server\rewrite.php(43): require_once('C:\\xampp\\htdocs...')
#5 {main}
CRITICAL - 2024-02-28 09:44:02 --> Cannot use object of type stdClass as array
#0 C:\xampp\htdocs\galeri_foto\system\CodeIgniter.php(832): App\Controllers\Home->proses_login()
#1 C:\xampp\htdocs\galeri_foto\system\CodeIgniter.php(419): CodeIgniter\CodeIgniter->runController(Object(App\Controllers\Home))
#2 C:\xampp\htdocs\galeri_foto\system\CodeIgniter.php(326): CodeIgniter\CodeIgniter->handleRequest(NULL, Object(Config\Cache), false)
#3 C:\xampp\htdocs\galeri_foto\public\index.php(37): CodeIgniter\CodeIgniter->run()
#4 C:\xampp\htdocs\galeri_foto\system\Commands\Server\rewrite.php(43): require_once('C:\\xampp\\htdocs...')
#5 {main}
CRITICAL - 2024-02-28 09:45:06 --> Cannot use object of type stdClass as array
#0 C:\xampp\htdocs\galeri_foto\system\CodeIgniter.php(832): App\Controllers\Home->proses_login()
#1 C:\xampp\htdocs\galeri_foto\system\CodeIgniter.php(419): CodeIgniter\CodeIgniter->runController(Object(App\Controllers\Home))
#2 C:\xampp\htdocs\galeri_foto\system\CodeIgniter.php(326): CodeIgniter\CodeIgniter->handleRequest(NULL, Object(Config\Cache), false)
#3 C:\xampp\htdocs\galeri_foto\public\index.php(37): CodeIgniter\CodeIgniter->run()
#4 C:\xampp\htdocs\galeri_foto\system\Commands\Server\rewrite.php(43): require_once('C:\\xampp\\htdocs...')
#5 {main}
CRITICAL - 2024-02-28 09:45:19 --> Cannot use object of type stdClass as array
#0 C:\xampp\htdocs\galeri_foto\system\CodeIgniter.php(832): App\Controllers\Home->proses_login()
#1 C:\xampp\htdocs\galeri_foto\system\CodeIgniter.php(419): CodeIgniter\CodeIgniter->runController(Object(App\Controllers\Home))
#2 C:\xampp\htdocs\galeri_foto\system\CodeIgniter.php(326): CodeIgniter\CodeIgniter->handleRequest(NULL, Object(Config\Cache), false)
#3 C:\xampp\htdocs\galeri_foto\public\index.php(37): CodeIgniter\CodeIgniter->run()
#4 C:\xampp\htdocs\galeri_foto\system\Commands\Server\rewrite.php(43): require_once('C:\\xampp\\htdocs...')
#5 {main}
CRITICAL - 2024-02-28 09:45:30 --> Cannot use object of type stdClass as array
#0 C:\xampp\htdocs\galeri_foto\system\CodeIgniter.php(832): App\Controllers\Home->proses_login()
#1 C:\xampp\htdocs\galeri_foto\system\CodeIgniter.php(419): CodeIgniter\CodeIgniter->runController(Object(App\Controllers\Home))
#2 C:\xampp\htdocs\galeri_foto\system\CodeIgniter.php(326): CodeIgniter\CodeIgniter->handleRequest(NULL, Object(Config\Cache), false)
#3 C:\xampp\htdocs\galeri_foto\public\index.php(37): CodeIgniter\CodeIgniter->run()
#4 C:\xampp\htdocs\galeri_foto\system\Commands\Server\rewrite.php(43): require_once('C:\\xampp\\htdocs...')
#5 {main}
CRITICAL - 2024-02-28 09:49:57 --> Undefined variable $cek
#0 C:\xampp\htdocs\galeri_foto\app\Controllers\Home.php(510): CodeIgniter\Debug\Exceptions->errorHandler(2, 'Undefined varia...', 'C:\\xampp\\htdocs...', 510)
#1 C:\xampp\htdocs\galeri_foto\system\CodeIgniter.php(832): App\Controllers\Home->proses_login()
#2 C:\xampp\htdocs\galeri_foto\system\CodeIgniter.php(419): CodeIgniter\CodeIgniter->runController(Object(App\Controllers\Home))
#3 C:\xampp\htdocs\galeri_foto\system\CodeIgniter.php(326): CodeIgniter\CodeIgniter->handleRequest(NULL, Object(Config\Cache), false)
#4 C:\xampp\htdocs\galeri_foto\public\index.php(37): CodeIgniter\CodeIgniter->run()
#5 C:\xampp\htdocs\galeri_foto\system\Commands\Server\rewrite.php(43): require_once('C:\\xampp\\htdocs...')
#6 {main}
CRITICAL - 2024-02-28 09:50:43 --> Cannot use object of type stdClass as array
#0 C:\xampp\htdocs\galeri_foto\system\CodeIgniter.php(832): App\Controllers\Home->proses_login()
#1 C:\xampp\htdocs\galeri_foto\system\CodeIgniter.php(419): CodeIgniter\CodeIgniter->runController(Object(App\Controllers\Home))
#2 C:\xampp\htdocs\galeri_foto\system\CodeIgniter.php(326): CodeIgniter\CodeIgniter->handleRequest(NULL, Object(Config\Cache), false)
#3 C:\xampp\htdocs\galeri_foto\public\index.php(37): CodeIgniter\CodeIgniter->run()
#4 C:\xampp\htdocs\galeri_foto\system\Commands\Server\rewrite.php(43): require_once('C:\\xampp\\htdocs...')
#5 {main}
CRITICAL - 2024-02-28 09:56:38 --> Cannot use object of type stdClass as array
#0 C:\xampp\htdocs\galeri_foto\system\CodeIgniter.php(832): App\Controllers\Home->proses_login()
#1 C:\xampp\htdocs\galeri_foto\system\CodeIgniter.php(419): CodeIgniter\CodeIgniter->runController(Object(App\Controllers\Home))
#2 C:\xampp\htdocs\galeri_foto\system\CodeIgniter.php(326): CodeIgniter\CodeIgniter->handleRequest(NULL, Object(Config\Cache), false)
#3 C:\xampp\htdocs\galeri_foto\public\index.php(37): CodeIgniter\CodeIgniter->run()
#4 C:\xampp\htdocs\galeri_foto\system\Commands\Server\rewrite.php(43): require_once('C:\\xampp\\htdocs...')
#5 {main}
CRITICAL - 2024-02-28 10:05:43 --> Cannot use object of type stdClass as array
#0 C:\xampp\htdocs\galeri_foto\system\CodeIgniter.php(832): App\Controllers\Home->proses_login()
#1 C:\xampp\htdocs\galeri_foto\system\CodeIgniter.php(419): CodeIgniter\CodeIgniter->runController(Object(App\Controllers\Home))
#2 C:\xampp\htdocs\galeri_foto\system\CodeIgniter.php(326): CodeIgniter\CodeIgniter->handleRequest(NULL, Object(Config\Cache), false)
#3 C:\xampp\htdocs\galeri_foto\public\index.php(37): CodeIgniter\CodeIgniter->run()
#4 C:\xampp\htdocs\galeri_foto\system\Commands\Server\rewrite.php(43): require_once('C:\\xampp\\htdocs...')
#5 {main}
CRITICAL - 2024-02-28 10:10:36 --> Cannot use object of type stdClass as array
#0 C:\xampp\htdocs\galeri_foto\system\CodeIgniter.php(832): App\Controllers\Home->proses_login()
#1 C:\xampp\htdocs\galeri_foto\system\CodeIgniter.php(419): CodeIgniter\CodeIgniter->runController(Object(App\Controllers\Home))
#2 C:\xampp\htdocs\galeri_foto\system\CodeIgniter.php(326): CodeIgniter\CodeIgniter->handleRequest(NULL, Object(Config\Cache), false)
#3 C:\xampp\htdocs\galeri_foto\public\index.php(37): CodeIgniter\CodeIgniter->run()
#4 C:\xampp\htdocs\galeri_foto\system\Commands\Server\rewrite.php(43): require_once('C:\\xampp\\htdocs...')
#5 {main}
CRITICAL - 2024-02-28 10:33:35 --> Undefined variable $key
#0 C:\xampp\htdocs\galeri_foto\app\Views\menu.php(61): CodeIgniter\Debug\Exceptions->errorHandler(2, 'Undefined varia...', 'C:\\xampp\\htdocs...', 61)
#1 C:\xampp\htdocs\galeri_foto\system\View\View.php(210): include('C:\\xampp\\htdocs...')
#2 C:\xampp\htdocs\galeri_foto\system\View\View.php(213): CodeIgniter\View\View->CodeIgniter\View\{closure}()
#3 C:\xampp\htdocs\galeri_foto\system\Common.php(1089): CodeIgniter\View\View->render('menu', Array, true)
#4 C:\xampp\htdocs\galeri_foto\app\Controllers\Home.php(111): view('menu')
#5 C:\xampp\htdocs\galeri_foto\system\CodeIgniter.php(832): App\Controllers\Home->dashboard()
#6 C:\xampp\htdocs\galeri_foto\system\CodeIgniter.php(419): CodeIgniter\CodeIgniter->runController(Object(App\Controllers\Home))
#7 C:\xampp\htdocs\galeri_foto\system\CodeIgniter.php(326): CodeIgniter\CodeIgniter->handleRequest(NULL, Object(Config\Cache), false)
#8 C:\xampp\htdocs\galeri_foto\public\index.php(37): CodeIgniter\CodeIgniter->run()
#9 C:\xampp\htdocs\galeri_foto\system\Commands\Server\rewrite.php(43): require_once('C:\\xampp\\htdocs...')
#10 {main}
ERROR - 2024-02-28 10:34:48 --> Table 'gf.karyawan' doesn't exist
CRITICAL - 2024-02-28 10:34:48 --> Call to a member function getRow() on bool
#0 C:\xampp\htdocs\galeri_foto\app\Controllers\Home.php(368): App\Models\M_pj->getWhere('karyawan', Array)
#1 C:\xampp\htdocs\galeri_foto\system\CodeIgniter.php(832): App\Controllers\Home->edit_k('1')
#2 C:\xampp\htdocs\galeri_foto\system\CodeIgniter.php(419): CodeIgniter\CodeIgniter->runController(Object(App\Controllers\Home))
#3 C:\xampp\htdocs\galeri_foto\system\CodeIgniter.php(326): CodeIgniter\CodeIgniter->handleRequest(NULL, Object(Config\Cache), false)
#4 C:\xampp\htdocs\galeri_foto\public\index.php(37): CodeIgniter\CodeIgniter->run()
#5 C:\xampp\htdocs\galeri_foto\system\Commands\Server\rewrite.php(43): require_once('C:\\xampp\\htdocs...')
#6 {main}
CRITICAL - 2024-02-28 11:11:59 --> syntax error, unexpected token "echo", expecting "," or ";"
#0 C:\xampp\htdocs\galeri_foto\system\Router\Router.php(175): CodeIgniter\Router\Router->autoRoute('Home/dashboard')
#1 C:\xampp\htdocs\galeri_foto\system\CodeIgniter.php(726): CodeIgniter\Router\Router->handle('Home/dashboard')
#2 C:\xampp\htdocs\galeri_foto\system\CodeIgniter.php(368): CodeIgniter\CodeIgniter->tryToRouteIt(Object(CodeIgniter\Router\RouteCollection))
#3 C:\xampp\htdocs\galeri_foto\system\CodeIgniter.php(326): CodeIgniter\CodeIgniter->handleRequest(NULL, Object(Config\Cache), false)
#4 C:\xampp\htdocs\galeri_foto\public\index.php(37): CodeIgniter\CodeIgniter->run()
#5 C:\xampp\htdocs\galeri_foto\system\Commands\Server\rewrite.php(43): require_once('C:\\xampp\\htdocs...')
#6 {main}
ERROR - 2024-02-28 13:15:03 --> Table 'gf.barang' doesn't exist
CRITICAL - 2024-02-28 13:15:03 --> Call to a member function getResult() on bool
#0 C:\xampp\htdocs\galeri_foto\app\Controllers\Home.php(17): App\Models\M_pj->tampil('barang')
#1 C:\xampp\htdocs\galeri_foto\system\CodeIgniter.php(832): App\Controllers\Home->index()
#2 C:\xampp\htdocs\galeri_foto\system\CodeIgniter.php(419): CodeIgniter\CodeIgniter->runController(Object(App\Controllers\Home))
#3 C:\xampp\htdocs\galeri_foto\system\CodeIgniter.php(326): CodeIgniter\CodeIgniter->handleRequest(NULL, Object(Config\Cache), false)
#4 C:\xampp\htdocs\galeri_foto\public\index.php(37): CodeIgniter\CodeIgniter->run()
#5 C:\xampp\htdocs\galeri_foto\system\Commands\Server\rewrite.php(43): require_once('C:\\xampp\\htdocs...')
#6 {main}
ERROR - 2024-02-28 13:16:56 --> Table 'gf.barang' doesn't exist
CRITICAL - 2024-02-28 13:16:56 --> Call to a member function getResult() on bool
#0 C:\xampp\htdocs\galeri_foto\app\Controllers\Home.php(17): App\Models\M_pj->tampil('barang')
#1 C:\xampp\htdocs\galeri_foto\system\CodeIgniter.php(832): App\Controllers\Home->index()
#2 C:\xampp\htdocs\galeri_foto\system\CodeIgniter.php(419): CodeIgniter\CodeIgniter->runController(Object(App\Controllers\Home))
#3 C:\xampp\htdocs\galeri_foto\system\CodeIgniter.php(326): CodeIgniter\CodeIgniter->handleRequest(NULL, Object(Config\Cache), false)
#4 C:\xampp\htdocs\galeri_foto\public\index.php(37): CodeIgniter\CodeIgniter->run()
#5 C:\xampp\htdocs\galeri_foto\system\Commands\Server\rewrite.php(43): require_once('C:\\xampp\\htdocs...')
#6 {main}
ERROR - 2024-02-28 13:17:09 --> Table 'gf.barang' doesn't exist
CRITICAL - 2024-02-28 13:17:09 --> Call to a member function getResult() on bool
#0 C:\xampp\htdocs\galeri_foto\app\Controllers\Home.php(17): App\Models\M_pj->tampil('barang')
#1 C:\xampp\htdocs\galeri_foto\system\CodeIgniter.php(832): App\Controllers\Home->index()
#2 C:\xampp\htdocs\galeri_foto\system\CodeIgniter.php(419): CodeIgniter\CodeIgniter->runController(Object(App\Controllers\Home))
#3 C:\xampp\htdocs\galeri_foto\system\CodeIgniter.php(326): CodeIgniter\CodeIgniter->handleRequest(NULL, Object(Config\Cache), false)
#4 C:\xampp\htdocs\galeri_foto\public\index.php(37): CodeIgniter\CodeIgniter->run()
#5 C:\xampp\htdocs\galeri_foto\system\Commands\Server\rewrite.php(43): require_once('C:\\xampp\\htdocs...')
#6 {main}
