CRITICAL - 2022-11-07 00:12:59 --> syntax error, unexpected token ":", expecting "," or ";"
#0 C:\xampp\htdocs\naruto\system\View\View.php(213): CodeIgniter\View\View->CodeIgniter\View\{closure}()
#1 C:\xampp\htdocs\naruto\system\Common.php(1089): CodeIgniter\View\View->render('barang_m', Array, true)
#2 C:\xampp\htdocs\naruto\app\Controllers\Home.php(24): view('barang_m', Array)
#3 C:\xampp\htdocs\naruto\system\CodeIgniter.php(832): App\Controllers\Home->barangmasuk()
#4 C:\xampp\htdocs\naruto\system\CodeIgniter.php(419): CodeIgniter\CodeIgniter->runController(Object(App\Controllers\Home))
#5 C:\xampp\htdocs\naruto\system\CodeIgniter.php(326): CodeIgniter\CodeIgniter->handleRequest(NULL, Object(Config\Cache), false)
#6 C:\xampp\htdocs\naruto\public\index.php(37): CodeIgniter\CodeIgniter->run()
#7 C:\xampp\htdocs\naruto\system\Commands\Server\rewrite.php(43): require_once('C:\\xampp\\htdocs...')
#8 {main}
CRITICAL - 2022-11-07 00:21:48 --> syntax error, unexpected token ":", expecting ";"
#0 C:\xampp\htdocs\naruto\system\Autoloader\Autoloader.php(241): CodeIgniter\Autoloader\Autoloader->includeFile('C:\\xampp\\htdocs...')
#1 C:\xampp\htdocs\naruto\system\Autoloader\Autoloader.php(219): CodeIgniter\Autoloader\Autoloader->loadInNamespace('App\\Models\\M_pj')
#2 C:\xampp\htdocs\naruto\app\Controllers\Home.php(20): CodeIgniter\Autoloader\Autoloader->loadClass('App\\Models\\M_pj')
#3 C:\xampp\htdocs\naruto\system\CodeIgniter.php(832): App\Controllers\Home->barangmasuk()
#4 C:\xampp\htdocs\naruto\system\CodeIgniter.php(419): CodeIgniter\CodeIgniter->runController(Object(App\Controllers\Home))
#5 C:\xampp\htdocs\naruto\system\CodeIgniter.php(326): CodeIgniter\CodeIgniter->handleRequest(NULL, Object(Config\Cache), false)
#6 C:\xampp\htdocs\naruto\public\index.php(37): CodeIgniter\CodeIgniter->run()
#7 C:\xampp\htdocs\naruto\system\Commands\Server\rewrite.php(43): require_once('C:\\xampp\\htdocs...')
#8 {main}
CRITICAL - 2022-11-07 00:22:03 --> syntax error, unexpected token ":", expecting ";"
#0 C:\xampp\htdocs\naruto\system\Autoloader\Autoloader.php(241): CodeIgniter\Autoloader\Autoloader->includeFile('C:\\xampp\\htdocs...')
#1 C:\xampp\htdocs\naruto\system\Autoloader\Autoloader.php(219): CodeIgniter\Autoloader\Autoloader->loadInNamespace('App\\Models\\M_pj')
#2 C:\xampp\htdocs\naruto\app\Controllers\Home.php(20): CodeIgniter\Autoloader\Autoloader->loadClass('App\\Models\\M_pj')
#3 C:\xampp\htdocs\naruto\system\CodeIgniter.php(832): App\Controllers\Home->barangmasuk()
#4 C:\xampp\htdocs\naruto\system\CodeIgniter.php(419): CodeIgniter\CodeIgniter->runController(Object(App\Controllers\Home))
#5 C:\xampp\htdocs\naruto\system\CodeIgniter.php(326): CodeIgniter\CodeIgniter->handleRequest(NULL, Object(Config\Cache), false)
#6 C:\xampp\htdocs\naruto\public\index.php(37): CodeIgniter\CodeIgniter->run()
#7 C:\xampp\htdocs\naruto\system\Commands\Server\rewrite.php(43): require_once('C:\\xampp\\htdocs...')
#8 {main}
CRITICAL - 2022-11-07 00:22:06 --> syntax error, unexpected token ":", expecting ";"
#0 C:\xampp\htdocs\naruto\system\Autoloader\Autoloader.php(241): CodeIgniter\Autoloader\Autoloader->includeFile('C:\\xampp\\htdocs...')
#1 C:\xampp\htdocs\naruto\system\Autoloader\Autoloader.php(219): CodeIgniter\Autoloader\Autoloader->loadInNamespace('App\\Models\\M_pj')
#2 C:\xampp\htdocs\naruto\app\Controllers\Home.php(20): CodeIgniter\Autoloader\Autoloader->loadClass('App\\Models\\M_pj')
#3 C:\xampp\htdocs\naruto\system\CodeIgniter.php(832): App\Controllers\Home->barangmasuk()
#4 C:\xampp\htdocs\naruto\system\CodeIgniter.php(419): CodeIgniter\CodeIgniter->runController(Object(App\Controllers\Home))
#5 C:\xampp\htdocs\naruto\system\CodeIgniter.php(326): CodeIgniter\CodeIgniter->handleRequest(NULL, Object(Config\Cache), false)
#6 C:\xampp\htdocs\naruto\public\index.php(37): CodeIgniter\CodeIgniter->run()
#7 C:\xampp\htdocs\naruto\system\Commands\Server\rewrite.php(43): require_once('C:\\xampp\\htdocs...')
#8 {main}
CRITICAL - 2022-11-07 00:22:06 --> syntax error, unexpected token ":", expecting ";"
#0 C:\xampp\htdocs\naruto\system\Autoloader\Autoloader.php(241): CodeIgniter\Autoloader\Autoloader->includeFile('C:\\xampp\\htdocs...')
#1 C:\xampp\htdocs\naruto\system\Autoloader\Autoloader.php(219): CodeIgniter\Autoloader\Autoloader->loadInNamespace('App\\Models\\M_pj')
#2 C:\xampp\htdocs\naruto\app\Controllers\Home.php(20): CodeIgniter\Autoloader\Autoloader->loadClass('App\\Models\\M_pj')
#3 C:\xampp\htdocs\naruto\system\CodeIgniter.php(832): App\Controllers\Home->barangmasuk()
#4 C:\xampp\htdocs\naruto\system\CodeIgniter.php(419): CodeIgniter\CodeIgniter->runController(Object(App\Controllers\Home))
#5 C:\xampp\htdocs\naruto\system\CodeIgniter.php(326): CodeIgniter\CodeIgniter->handleRequest(NULL, Object(Config\Cache), false)
#6 C:\xampp\htdocs\naruto\public\index.php(37): CodeIgniter\CodeIgniter->run()
#7 C:\xampp\htdocs\naruto\system\Commands\Server\rewrite.php(43): require_once('C:\\xampp\\htdocs...')
#8 {main}
CRITICAL - 2022-11-07 00:22:08 --> syntax error, unexpected token ":", expecting ";"
#0 C:\xampp\htdocs\naruto\system\Autoloader\Autoloader.php(241): CodeIgniter\Autoloader\Autoloader->includeFile('C:\\xampp\\htdocs...')
#1 C:\xampp\htdocs\naruto\system\Autoloader\Autoloader.php(219): CodeIgniter\Autoloader\Autoloader->loadInNamespace('App\\Models\\M_pj')
#2 C:\xampp\htdocs\naruto\app\Controllers\Home.php(20): CodeIgniter\Autoloader\Autoloader->loadClass('App\\Models\\M_pj')
#3 C:\xampp\htdocs\naruto\system\CodeIgniter.php(832): App\Controllers\Home->barangmasuk()
#4 C:\xampp\htdocs\naruto\system\CodeIgniter.php(419): CodeIgniter\CodeIgniter->runController(Object(App\Controllers\Home))
#5 C:\xampp\htdocs\naruto\system\CodeIgniter.php(326): CodeIgniter\CodeIgniter->handleRequest(NULL, Object(Config\Cache), false)
#6 C:\xampp\htdocs\naruto\public\index.php(37): CodeIgniter\CodeIgniter->run()
#7 C:\xampp\htdocs\naruto\system\Commands\Server\rewrite.php(43): require_once('C:\\xampp\\htdocs...')
#8 {main}
CRITICAL - 2022-11-07 00:22:09 --> syntax error, unexpected token ":", expecting ";"
#0 C:\xampp\htdocs\naruto\system\Autoloader\Autoloader.php(241): CodeIgniter\Autoloader\Autoloader->includeFile('C:\\xampp\\htdocs...')
#1 C:\xampp\htdocs\naruto\system\Autoloader\Autoloader.php(219): CodeIgniter\Autoloader\Autoloader->loadInNamespace('App\\Models\\M_pj')
#2 C:\xampp\htdocs\naruto\app\Controllers\Home.php(20): CodeIgniter\Autoloader\Autoloader->loadClass('App\\Models\\M_pj')
#3 C:\xampp\htdocs\naruto\system\CodeIgniter.php(832): App\Controllers\Home->barangmasuk()
#4 C:\xampp\htdocs\naruto\system\CodeIgniter.php(419): CodeIgniter\CodeIgniter->runController(Object(App\Controllers\Home))
#5 C:\xampp\htdocs\naruto\system\CodeIgniter.php(326): CodeIgniter\CodeIgniter->handleRequest(NULL, Object(Config\Cache), false)
#6 C:\xampp\htdocs\naruto\public\index.php(37): CodeIgniter\CodeIgniter->run()
#7 C:\xampp\htdocs\naruto\system\Commands\Server\rewrite.php(43): require_once('C:\\xampp\\htdocs...')
#8 {main}
CRITICAL - 2022-11-07 00:22:09 --> syntax error, unexpected token ":", expecting ";"
#0 C:\xampp\htdocs\naruto\system\Autoloader\Autoloader.php(241): CodeIgniter\Autoloader\Autoloader->includeFile('C:\\xampp\\htdocs...')
#1 C:\xampp\htdocs\naruto\system\Autoloader\Autoloader.php(219): CodeIgniter\Autoloader\Autoloader->loadInNamespace('App\\Models\\M_pj')
#2 C:\xampp\htdocs\naruto\app\Controllers\Home.php(20): CodeIgniter\Autoloader\Autoloader->loadClass('App\\Models\\M_pj')
#3 C:\xampp\htdocs\naruto\system\CodeIgniter.php(832): App\Controllers\Home->barangmasuk()
#4 C:\xampp\htdocs\naruto\system\CodeIgniter.php(419): CodeIgniter\CodeIgniter->runController(Object(App\Controllers\Home))
#5 C:\xampp\htdocs\naruto\system\CodeIgniter.php(326): CodeIgniter\CodeIgniter->handleRequest(NULL, Object(Config\Cache), false)
#6 C:\xampp\htdocs\naruto\public\index.php(37): CodeIgniter\CodeIgniter->run()
#7 C:\xampp\htdocs\naruto\system\Commands\Server\rewrite.php(43): require_once('C:\\xampp\\htdocs...')
#8 {main}
CRITICAL - 2022-11-07 00:27:32 --> syntax error, unexpected token ":", expecting ";"
#0 C:\xampp\htdocs\naruto\system\Autoloader\Autoloader.php(241): CodeIgniter\Autoloader\Autoloader->includeFile('C:\\xampp\\htdocs...')
#1 C:\xampp\htdocs\naruto\system\Autoloader\Autoloader.php(219): CodeIgniter\Autoloader\Autoloader->loadInNamespace('App\\Models\\M_pj')
#2 C:\xampp\htdocs\naruto\app\Controllers\Home.php(20): CodeIgniter\Autoloader\Autoloader->loadClass('App\\Models\\M_pj')
#3 C:\xampp\htdocs\naruto\system\CodeIgniter.php(832): App\Controllers\Home->barangmasuk()
#4 C:\xampp\htdocs\naruto\system\CodeIgniter.php(419): CodeIgniter\CodeIgniter->runController(Object(App\Controllers\Home))
#5 C:\xampp\htdocs\naruto\system\CodeIgniter.php(326): CodeIgniter\CodeIgniter->handleRequest(NULL, Object(Config\Cache), false)
#6 C:\xampp\htdocs\naruto\public\index.php(37): CodeIgniter\CodeIgniter->run()
#7 C:\xampp\htdocs\naruto\system\Commands\Server\rewrite.php(43): require_once('C:\\xampp\\htdocs...')
#8 {main}
CRITICAL - 2022-11-07 00:27:32 --> syntax error, unexpected token ":", expecting ";"
#0 C:\xampp\htdocs\naruto\system\Autoloader\Autoloader.php(241): CodeIgniter\Autoloader\Autoloader->includeFile('C:\\xampp\\htdocs...')
#1 C:\xampp\htdocs\naruto\system\Autoloader\Autoloader.php(219): CodeIgniter\Autoloader\Autoloader->loadInNamespace('App\\Models\\M_pj')
#2 C:\xampp\htdocs\naruto\app\Controllers\Home.php(20): CodeIgniter\Autoloader\Autoloader->loadClass('App\\Models\\M_pj')
#3 C:\xampp\htdocs\naruto\system\CodeIgniter.php(832): App\Controllers\Home->barangmasuk()
#4 C:\xampp\htdocs\naruto\system\CodeIgniter.php(419): CodeIgniter\CodeIgniter->runController(Object(App\Controllers\Home))
#5 C:\xampp\htdocs\naruto\system\CodeIgniter.php(326): CodeIgniter\CodeIgniter->handleRequest(NULL, Object(Config\Cache), false)
#6 C:\xampp\htdocs\naruto\public\index.php(37): CodeIgniter\CodeIgniter->run()
#7 C:\xampp\htdocs\naruto\system\Commands\Server\rewrite.php(43): require_once('C:\\xampp\\htdocs...')
#8 {main}
CRITICAL - 2022-11-07 00:27:38 --> syntax error, unexpected token ":", expecting ";"
#0 C:\xampp\htdocs\naruto\system\Autoloader\Autoloader.php(241): CodeIgniter\Autoloader\Autoloader->includeFile('C:\\xampp\\htdocs...')
#1 C:\xampp\htdocs\naruto\system\Autoloader\Autoloader.php(219): CodeIgniter\Autoloader\Autoloader->loadInNamespace('App\\Models\\M_pj')
#2 C:\xampp\htdocs\naruto\app\Controllers\Home.php(20): CodeIgniter\Autoloader\Autoloader->loadClass('App\\Models\\M_pj')
#3 C:\xampp\htdocs\naruto\system\CodeIgniter.php(832): App\Controllers\Home->barangmasuk()
#4 C:\xampp\htdocs\naruto\system\CodeIgniter.php(419): CodeIgniter\CodeIgniter->runController(Object(App\Controllers\Home))
#5 C:\xampp\htdocs\naruto\system\CodeIgniter.php(326): CodeIgniter\CodeIgniter->handleRequest(NULL, Object(Config\Cache), false)
#6 C:\xampp\htdocs\naruto\public\index.php(37): CodeIgniter\CodeIgniter->run()
#7 C:\xampp\htdocs\naruto\system\Commands\Server\rewrite.php(43): require_once('C:\\xampp\\htdocs...')
#8 {main}
CRITICAL - 2022-11-07 00:27:39 --> syntax error, unexpected token ":", expecting ";"
#0 C:\xampp\htdocs\naruto\system\Autoloader\Autoloader.php(241): CodeIgniter\Autoloader\Autoloader->includeFile('C:\\xampp\\htdocs...')
#1 C:\xampp\htdocs\naruto\system\Autoloader\Autoloader.php(219): CodeIgniter\Autoloader\Autoloader->loadInNamespace('App\\Models\\M_pj')
#2 C:\xampp\htdocs\naruto\app\Controllers\Home.php(20): CodeIgniter\Autoloader\Autoloader->loadClass('App\\Models\\M_pj')
#3 C:\xampp\htdocs\naruto\system\CodeIgniter.php(832): App\Controllers\Home->barangmasuk()
#4 C:\xampp\htdocs\naruto\system\CodeIgniter.php(419): CodeIgniter\CodeIgniter->runController(Object(App\Controllers\Home))
#5 C:\xampp\htdocs\naruto\system\CodeIgniter.php(326): CodeIgniter\CodeIgniter->handleRequest(NULL, Object(Config\Cache), false)
#6 C:\xampp\htdocs\naruto\public\index.php(37): CodeIgniter\CodeIgniter->run()
#7 C:\xampp\htdocs\naruto\system\Commands\Server\rewrite.php(43): require_once('C:\\xampp\\htdocs...')
#8 {main}
CRITICAL - 2022-11-07 00:28:42 --> Unclosed '{' on line 7
#0 C:\xampp\htdocs\naruto\system\Autoloader\Autoloader.php(241): CodeIgniter\Autoloader\Autoloader->includeFile('C:\\xampp\\htdocs...')
#1 C:\xampp\htdocs\naruto\system\Autoloader\Autoloader.php(219): CodeIgniter\Autoloader\Autoloader->loadInNamespace('App\\Models\\M_pj')
#2 C:\xampp\htdocs\naruto\app\Controllers\Home.php(20): CodeIgniter\Autoloader\Autoloader->loadClass('App\\Models\\M_pj')
#3 C:\xampp\htdocs\naruto\system\CodeIgniter.php(832): App\Controllers\Home->barangmasuk()
#4 C:\xampp\htdocs\naruto\system\CodeIgniter.php(419): CodeIgniter\CodeIgniter->runController(Object(App\Controllers\Home))
#5 C:\xampp\htdocs\naruto\system\CodeIgniter.php(326): CodeIgniter\CodeIgniter->handleRequest(NULL, Object(Config\Cache), false)
#6 C:\xampp\htdocs\naruto\public\index.php(37): CodeIgniter\CodeIgniter->run()
#7 C:\xampp\htdocs\naruto\system\Commands\Server\rewrite.php(43): require_once('C:\\xampp\\htdocs...')
#8 {main}
CRITICAL - 2022-11-07 00:28:56 --> syntax error, unexpected token ":", expecting "," or ";"
#0 C:\xampp\htdocs\naruto\system\View\View.php(213): CodeIgniter\View\View->CodeIgniter\View\{closure}()
#1 C:\xampp\htdocs\naruto\system\Common.php(1089): CodeIgniter\View\View->render('barang_m', Array, true)
#2 C:\xampp\htdocs\naruto\app\Controllers\Home.php(24): view('barang_m', Array)
#3 C:\xampp\htdocs\naruto\system\CodeIgniter.php(832): App\Controllers\Home->barangmasuk()
#4 C:\xampp\htdocs\naruto\system\CodeIgniter.php(419): CodeIgniter\CodeIgniter->runController(Object(App\Controllers\Home))
#5 C:\xampp\htdocs\naruto\system\CodeIgniter.php(326): CodeIgniter\CodeIgniter->handleRequest(NULL, Object(Config\Cache), false)
#6 C:\xampp\htdocs\naruto\public\index.php(37): CodeIgniter\CodeIgniter->run()
#7 C:\xampp\htdocs\naruto\system\Commands\Server\rewrite.php(43): require_once('C:\\xampp\\htdocs...')
#8 {main}
ERROR - 2022-11-07 00:30:20 --> Table 'terserah.barang_m' doesn't exist
ERROR - 2022-11-07 00:31:33 --> Table 'terserah.barang_m' doesn't exist
ERROR - 2022-11-07 00:32:28 --> Table 'terserah.barangmasuk' doesn't exist
ERROR - 2022-11-07 00:33:47 --> Table 'terserah.barang_m' doesn't exist
ERROR - 2022-11-07 00:35:51 --> Table 'terserah.barangmasuk' doesn't exist
ERROR - 2022-11-07 00:36:08 --> Table 'terserah.barangmasuk' doesn't exist
ERROR - 2022-11-07 00:36:46 --> Table 'terserah.barang_m' doesn't exist
ERROR - 2022-11-07 00:37:34 --> Table 'terserah.barangmasuk' doesn't exist
CRITICAL - 2022-11-07 00:40:18 --> Invalid file: barang_m.php
#0 C:\xampp\htdocs\naruto\system\View\View.php(198): CodeIgniter\Exceptions\FrameworkException::forInvalidFile('barang_m.php')
#1 C:\xampp\htdocs\naruto\system\Common.php(1089): CodeIgniter\View\View->render('barang_m', Array, true)
#2 C:\xampp\htdocs\naruto\app\Controllers\Home.php(24): view('barang_m', Array)
#3 C:\xampp\htdocs\naruto\system\CodeIgniter.php(832): App\Controllers\Home->barang_masuk()
#4 C:\xampp\htdocs\naruto\system\CodeIgniter.php(419): CodeIgniter\CodeIgniter->runController(Object(App\Controllers\Home))
#5 C:\xampp\htdocs\naruto\system\CodeIgniter.php(326): CodeIgniter\CodeIgniter->handleRequest(NULL, Object(Config\Cache), false)
#6 C:\xampp\htdocs\naruto\public\index.php(37): CodeIgniter\CodeIgniter->run()
#7 C:\xampp\htdocs\naruto\system\Commands\Server\rewrite.php(43): require_once('C:\\xampp\\htdocs...')
#8 {main}
CRITICAL - 2022-11-07 01:11:25 --> Undefined variable $diva
#0 C:\xampp\htdocs\naruto\app\Views\barang_m.php(26): CodeIgniter\Debug\Exceptions->errorHandler(2, 'Undefined varia...', 'C:\\xampp\\htdocs...', 26)
#1 C:\xampp\htdocs\naruto\system\View\View.php(210): include('C:\\xampp\\htdocs...')
#2 C:\xampp\htdocs\naruto\system\View\View.php(213): CodeIgniter\View\View->CodeIgniter\View\{closure}()
#3 C:\xampp\htdocs\naruto\system\Common.php(1089): CodeIgniter\View\View->render('barang_m', Array, true)
#4 C:\xampp\htdocs\naruto\app\Controllers\Home.php(24): view('barang_m', Array)
#5 C:\xampp\htdocs\naruto\system\CodeIgniter.php(832): App\Controllers\Home->barang_masuk()
#6 C:\xampp\htdocs\naruto\system\CodeIgniter.php(419): CodeIgniter\CodeIgniter->runController(Object(App\Controllers\Home))
#7 C:\xampp\htdocs\naruto\system\CodeIgniter.php(326): CodeIgniter\CodeIgniter->handleRequest(NULL, Object(Config\Cache), false)
#8 C:\xampp\htdocs\naruto\public\index.php(37): CodeIgniter\CodeIgniter->run()
#9 C:\xampp\htdocs\naruto\system\Commands\Server\rewrite.php(43): require_once('C:\\xampp\\htdocs...')
#10 {main}
CRITICAL - 2022-11-07 01:24:48 --> You must set the database table to be used with your query.
#0 C:\xampp\htdocs\naruto\system\Model.php(545): CodeIgniter\Database\BaseConnection->table(NULL)
#1 C:\xampp\htdocs\naruto\system\Model.php(722): CodeIgniter\Model->builder()
#2 C:\xampp\htdocs\naruto\app\Controllers\Home.php(40): CodeIgniter\Model->__call('syahrul', Array)
#3 C:\xampp\htdocs\naruto\system\CodeIgniter.php(832): App\Controllers\Home->tbm()
#4 C:\xampp\htdocs\naruto\system\CodeIgniter.php(419): CodeIgniter\CodeIgniter->runController(Object(App\Controllers\Home))
#5 C:\xampp\htdocs\naruto\system\CodeIgniter.php(326): CodeIgniter\CodeIgniter->handleRequest(NULL, Object(Config\Cache), false)
#6 C:\xampp\htdocs\naruto\public\index.php(37): CodeIgniter\CodeIgniter->run()
#7 C:\xampp\htdocs\naruto\system\Commands\Server\rewrite.php(43): require_once('C:\\xampp\\htdocs...')
#8 {main}
CRITICAL - 2022-11-07 01:32:57 --> You must set the database table to be used with your query.
#0 C:\xampp\htdocs\naruto\system\Model.php(545): CodeIgniter\Database\BaseConnection->table(NULL)
#1 C:\xampp\htdocs\naruto\system\Model.php(722): CodeIgniter\Model->builder()
#2 C:\xampp\htdocs\naruto\app\Controllers\Home.php(40): CodeIgniter\Model->__call('syahrul', Array)
#3 C:\xampp\htdocs\naruto\system\CodeIgniter.php(832): App\Controllers\Home->tbm()
#4 C:\xampp\htdocs\naruto\system\CodeIgniter.php(419): CodeIgniter\CodeIgniter->runController(Object(App\Controllers\Home))
#5 C:\xampp\htdocs\naruto\system\CodeIgniter.php(326): CodeIgniter\CodeIgniter->handleRequest(NULL, Object(Config\Cache), false)
#6 C:\xampp\htdocs\naruto\public\index.php(37): CodeIgniter\CodeIgniter->run()
#7 C:\xampp\htdocs\naruto\system\Commands\Server\rewrite.php(43): require_once('C:\\xampp\\htdocs...')
#8 {main}
CRITICAL - 2022-11-07 01:32:58 --> You must set the database table to be used with your query.
#0 C:\xampp\htdocs\naruto\system\Model.php(545): CodeIgniter\Database\BaseConnection->table(NULL)
#1 C:\xampp\htdocs\naruto\system\Model.php(722): CodeIgniter\Model->builder()
#2 C:\xampp\htdocs\naruto\app\Controllers\Home.php(40): CodeIgniter\Model->__call('syahrul', Array)
#3 C:\xampp\htdocs\naruto\system\CodeIgniter.php(832): App\Controllers\Home->tbm()
#4 C:\xampp\htdocs\naruto\system\CodeIgniter.php(419): CodeIgniter\CodeIgniter->runController(Object(App\Controllers\Home))
#5 C:\xampp\htdocs\naruto\system\CodeIgniter.php(326): CodeIgniter\CodeIgniter->handleRequest(NULL, Object(Config\Cache), false)
#6 C:\xampp\htdocs\naruto\public\index.php(37): CodeIgniter\CodeIgniter->run()
#7 C:\xampp\htdocs\naruto\system\Commands\Server\rewrite.php(43): require_once('C:\\xampp\\htdocs...')
#8 {main}
CRITICAL - 2022-11-07 01:32:59 --> You must set the database table to be used with your query.
#0 C:\xampp\htdocs\naruto\system\Model.php(545): CodeIgniter\Database\BaseConnection->table(NULL)
#1 C:\xampp\htdocs\naruto\system\Model.php(722): CodeIgniter\Model->builder()
#2 C:\xampp\htdocs\naruto\app\Controllers\Home.php(40): CodeIgniter\Model->__call('syahrul', Array)
#3 C:\xampp\htdocs\naruto\system\CodeIgniter.php(832): App\Controllers\Home->tbm()
#4 C:\xampp\htdocs\naruto\system\CodeIgniter.php(419): CodeIgniter\CodeIgniter->runController(Object(App\Controllers\Home))
#5 C:\xampp\htdocs\naruto\system\CodeIgniter.php(326): CodeIgniter\CodeIgniter->handleRequest(NULL, Object(Config\Cache), false)
#6 C:\xampp\htdocs\naruto\public\index.php(37): CodeIgniter\CodeIgniter->run()
#7 C:\xampp\htdocs\naruto\system\Commands\Server\rewrite.php(43): require_once('C:\\xampp\\htdocs...')
#8 {main}
CRITICAL - 2022-11-07 01:32:59 --> You must set the database table to be used with your query.
#0 C:\xampp\htdocs\naruto\system\Model.php(545): CodeIgniter\Database\BaseConnection->table(NULL)
#1 C:\xampp\htdocs\naruto\system\Model.php(722): CodeIgniter\Model->builder()
#2 C:\xampp\htdocs\naruto\app\Controllers\Home.php(40): CodeIgniter\Model->__call('syahrul', Array)
#3 C:\xampp\htdocs\naruto\system\CodeIgniter.php(832): App\Controllers\Home->tbm()
#4 C:\xampp\htdocs\naruto\system\CodeIgniter.php(419): CodeIgniter\CodeIgniter->runController(Object(App\Controllers\Home))
#5 C:\xampp\htdocs\naruto\system\CodeIgniter.php(326): CodeIgniter\CodeIgniter->handleRequest(NULL, Object(Config\Cache), false)
#6 C:\xampp\htdocs\naruto\public\index.php(37): CodeIgniter\CodeIgniter->run()
#7 C:\xampp\htdocs\naruto\system\Commands\Server\rewrite.php(43): require_once('C:\\xampp\\htdocs...')
#8 {main}
CRITICAL - 2022-11-07 01:34:37 --> You must set the database table to be used with your query.
#0 C:\xampp\htdocs\naruto\system\Model.php(545): CodeIgniter\Database\BaseConnection->table(NULL)
#1 C:\xampp\htdocs\naruto\system\Model.php(722): CodeIgniter\Model->builder()
#2 C:\xampp\htdocs\naruto\app\Controllers\Home.php(40): CodeIgniter\Model->__call('syahrul', Array)
#3 C:\xampp\htdocs\naruto\system\CodeIgniter.php(832): App\Controllers\Home->tbm()
#4 C:\xampp\htdocs\naruto\system\CodeIgniter.php(419): CodeIgniter\CodeIgniter->runController(Object(App\Controllers\Home))
#5 C:\xampp\htdocs\naruto\system\CodeIgniter.php(326): CodeIgniter\CodeIgniter->handleRequest(NULL, Object(Config\Cache), false)
#6 C:\xampp\htdocs\naruto\public\index.php(37): CodeIgniter\CodeIgniter->run()
#7 C:\xampp\htdocs\naruto\system\Commands\Server\rewrite.php(43): require_once('C:\\xampp\\htdocs...')
#8 {main}
